
Running tests... 
----------------------------------------------------------------------
 test_map (test_baidu_links.BaiduLink) ... FAIL (0.022385)s
 test_news (test_baidu_links.BaiduLink) ... OK (2.424375)s

======================================================================
FAIL [0.022385s]: test_baidu_links.BaiduLink.test_map
----------------------------------------------------------------------
Traceback (most recent call last):
  File "/Users/xx/PycharmProjects/untitled/UiTestCase/test_baidu_links.py", line 18, in test_map
    self.assertEqual(self.driver.current_url,'https://map.baidu.com/')
AssertionError: 'https://www.baidu.com/' != 'https://map.baidu.com/'
- https://www.baidu.com/
?         ^^^
+ https://map.baidu.com/
?         ^^^


----------------------------------------------------------------------
Ran 2 tests in 0:00:06

FAILED
 (Failures=1)

Generating HTML reports... 
reports/TestResults_test_baidu_links.BaiduLink_2019-04-10_11-46-54.html
